Copyright 1986-2018 Xilinx, Inc. All Rights Reserved.
-------------------------------------------------------------------------------------------
| Tool Version : Vivado v.2018.2 (win64) Build 2258646 Thu Jun 14 20:03:12 MDT 2018
| Date         : Sun Aug 11 19:33:26 2019
| Host         : lisevichpc running 64-bit Service Pack 1  (build 7601)
| Command      : report_control_sets -verbose -file Subsys_wrapper_control_sets_placed.rpt
| Design       : Subsys_wrapper
| Device       : xc7z007s
-------------------------------------------------------------------------------------------

Control Set Information

Table of Contents
-----------------
1. Summary
2. Histogram
3. Flip-Flop Distribution
4. Detailed Control Set Information

1. Summary
----------

+----------------------------------------------------------+-------+
|                          Status                          | Count |
+----------------------------------------------------------+-------+
| Number of unique control sets                            |    33 |
| Unused register locations in slices containing registers |    48 |
+----------------------------------------------------------+-------+


2. Histogram
------------

+--------+--------------+
| Fanout | Control Sets |
+--------+--------------+
|      4 |            1 |
|      8 |            5 |
|     10 |            1 |
|     12 |            2 |
|    16+ |           24 |
+--------+--------------+


3. Flip-Flop Distribution
-------------------------

+--------------+-----------------------+------------------------+-----------------+--------------+
| Clock Enable | Synchronous Set/Reset | Asynchronous Set/Reset | Total Registers | Total Slices |
+--------------+-----------------------+------------------------+-----------------+--------------+
| No           | No                    | No                     |             218 |           32 |
| No           | No                    | Yes                    |               0 |            0 |
| No           | Yes                   | No                     |             186 |           25 |
| Yes          | No                    | No                     |             546 |           80 |
| Yes          | No                    | Yes                    |               0 |            0 |
| Yes          | Yes                   | No                     |              98 |           13 |
+--------------+-----------------------+------------------------+-----------------+--------------+


4. Detailed Control Set Information
-----------------------------------

+-----------------------------------------------+----------------------------------------------------------------------------------------------------------------------------------------------------------------+--------------------------------------------------------------------------------------------------------------------------------------------+------------------+----------------+
|                  Clock Signal                 |                                                                          Enable Signal                                                                         |                                                              Set/Reset Signal                                                              | Slice Load Count | Bel Load Count |
+-----------------------------------------------+----------------------------------------------------------------------------------------------------------------------------------------------------------------+--------------------------------------------------------------------------------------------------------------------------------------------+------------------+----------------+
|  Subsys_i/processing_system7_0/inst/FCLK_CLK1 | Subsys_i/axi_interconnect_0/s00_couplers/auto_pc/inst/gen_axilite.gen_b2s_conv.axilite_b2s/WR.b_channel_0/bid_fifo_0/bresp_push                                |                                                                                                                                            |                1 |              4 |
|  Subsys_i/processing_system7_0/inst/FCLK_CLK1 |                                                                                                                                                                | Subsys_i/axi_interconnect_0/s00_couplers/auto_pc/inst/gen_axilite.gen_b2s_conv.axilite_b2s/SI_REG/ar.ar_pipe/m_valid_i_reg_0               |                3 |              8 |
|  Subsys_i/processing_system7_0/inst/FCLK_CLK1 |                                                                                                                                                                | Subsys_i/axi_interconnect_0/s00_couplers/auto_pc/inst/gen_axilite.gen_b2s_conv.axilite_b2s/SI_REG/aw.aw_pipe/s_ready_i_reg_0               |                1 |              8 |
|  Subsys_i/processing_system7_0/inst/FCLK_CLK1 | Subsys_i/axi_interconnect_0/s00_couplers/auto_pc/inst/gen_axilite.gen_b2s_conv.axilite_b2s/RD.ar_channel_0/ar_cmd_fsm_0/E[0]                                   | Subsys_i/axi_interconnect_0/s00_couplers/auto_pc/inst/gen_axilite.gen_b2s_conv.axilite_b2s/RD.ar_channel_0/ar_cmd_fsm_0/axlen_cnt_reg[7]   |                1 |              8 |
|  Subsys_i/processing_system7_0/inst/FCLK_CLK1 |                                                                                                                                                                | Subsys_i/proc_sys_reset_0/U0/EXT_LPF/lpf_int                                                                                               |                1 |              8 |
|  Subsys_i/processing_system7_0/inst/FCLK_CLK1 | Subsys_i/axi_interconnect_0/s00_couplers/auto_pc/inst/gen_axilite.gen_b2s_conv.axilite_b2s/WR.aw_channel_0/aw_cmd_fsm_0/axaddr_wrap_reg[11][0]                 | Subsys_i/axi_interconnect_0/s00_couplers/auto_pc/inst/gen_axilite.gen_b2s_conv.axilite_b2s/WR.aw_channel_0/aw_cmd_fsm_0/axlen_cnt_reg[7]_1 |                2 |              8 |
|  Subsys_i/processing_system7_0/inst/FCLK_CLK1 | Subsys_i/PWM_CTRL_0/inst/PWM_CTRL_CTRL_s_axi_U/ar_hs                                                                                                           |                                                                                                                                            |                2 |             10 |
|  Subsys_i/processing_system7_0/inst/FCLK_CLK1 | Subsys_i/proc_sys_reset_0/U0/SEQ/seq_cnt_en                                                                                                                    | Subsys_i/proc_sys_reset_0/U0/SEQ/SEQ_COUNTER/clear                                                                                         |                2 |             12 |
|  Subsys_i/processing_system7_0/inst/FCLK_CLK1 | Subsys_i/PWM_CTRL_0/inst/PWM_CTRL_CTRL_s_axi_U/waddr                                                                                                           |                                                                                                                                            |                2 |             12 |
|  Subsys_i/processing_system7_0/inst/FCLK_CLK1 | Subsys_i/axi_interconnect_0/s00_couplers/auto_pc/inst/gen_axilite.gen_b2s_conv.axilite_b2s/RD.ar_channel_0/ar_cmd_fsm_0/wrap_boundary_axaddr_r_reg[11][0]      |                                                                                                                                            |                5 |             16 |
|  Subsys_i/processing_system7_0/inst/FCLK_CLK1 | Subsys_i/axi_interconnect_0/s00_couplers/auto_pc/inst/gen_axilite.gen_b2s_conv.axilite_b2s/RD.ar_channel_0/ar_cmd_fsm_0/axaddr_incr_reg[0][0]                  |                                                                                                                                            |                3 |             16 |
|  Subsys_i/processing_system7_0/inst/FCLK_CLK1 | Subsys_i/axi_interconnect_0/s00_couplers/auto_pc/inst/gen_axilite.gen_b2s_conv.axilite_b2s/WR.aw_channel_0/aw_cmd_fsm_0/E[0]                                   |                                                                                                                                            |                4 |             16 |
|  Subsys_i/processing_system7_0/inst/FCLK_CLK1 | Subsys_i/axi_interconnect_0/s00_couplers/auto_pc/inst/gen_axilite.gen_b2s_conv.axilite_b2s/WR.b_channel_0/mhandshake_r                                         | Subsys_i/axi_interconnect_0/s00_couplers/auto_pc/inst/gen_axilite.gen_b2s_conv.axilite_b2s/WR.b_channel_0/bid_fifo_0/SR[0]                 |                3 |             16 |
|  Subsys_i/processing_system7_0/inst/FCLK_CLK1 | Subsys_i/axi_interconnect_0/s00_couplers/auto_pc/inst/gen_axilite.gen_b2s_conv.axilite_b2s/WR.aw_channel_0/cmd_translator_0/incr_cmd_0/axaddr_incr[11]_i_1_n_0 |                                                                                                                                            |                3 |             16 |
|  Subsys_i/processing_system7_0/inst/FCLK_CLK1 | Subsys_i/PWM_CTRL_0/inst/PWM_CTRL_CTRL_s_axi_U/ar_hs                                                                                                           | Subsys_i/PWM_CTRL_0/inst/PWM_CTRL_CTRL_s_axi_U/rdata[15]_i_1_n_0                                                                           |                3 |             22 |
|  Subsys_i/processing_system7_0/inst/FCLK_CLK1 | Subsys_i/axi_interconnect_0/s00_couplers/auto_pc/inst/gen_axilite.gen_b2s_conv.axilite_b2s/RD.r_channel_0/r_push_r                                             |                                                                                                                                            |                4 |             26 |
|  Subsys_i/processing_system7_0/inst/FCLK_CLK1 | Subsys_i/axi_interconnect_0/s00_couplers/auto_pc/inst/gen_axilite.gen_b2s_conv.axilite_b2s/SI_REG/b.b_pipe/p_1_in                                              |                                                                                                                                            |                3 |             28 |
|  Subsys_i/processing_system7_0/inst/FCLK_CLK1 | Subsys_i/axi_interconnect_0/s00_couplers/auto_pc/inst/gen_axilite.gen_b2s_conv.axilite_b2s/SI_REG/b.b_pipe/skid_buffer_reg[0]_0                                |                                                                                                                                            |                3 |             28 |
|  Subsys_i/processing_system7_0/inst/FCLK_CLK1 |                                                                                                                                                                | Subsys_i/PWM_CTRL_0/inst/PWM_CTRL_CTRL_s_axi_U/ap_rst_n_inv                                                                                |                5 |             30 |
|  Subsys_i/processing_system7_0/inst/FCLK_CLK1 | Subsys_i/axi_interconnect_0/s00_couplers/auto_pc/inst/gen_axilite.gen_b2s_conv.axilite_b2s/RD.r_channel_0/rd_data_fifo_0/wr_en0                                |                                                                                                                                            |                5 |             32 |
|  Subsys_i/processing_system7_0/inst/FCLK_CLK1 | Subsys_i/axi_interconnect_0/s00_couplers/auto_pc/inst/gen_axilite.gen_b2s_conv.axilite_b2s/WR.aw_channel_0/aw_cmd_fsm_0/axaddr_wrap_reg[11][0]                 |                                                                                                                                            |                5 |             32 |
|  Subsys_i/processing_system7_0/inst/FCLK_CLK1 | Subsys_i/PWM_CTRL_0/inst/PWM_CTRL_CTRL_s_axi_U/p_0_in                                                                                                          | Subsys_i/PWM_CTRL_0/inst/PWM_CTRL_CTRL_s_axi_U/ap_rst_n_inv                                                                                |                2 |             32 |
|  Subsys_i/processing_system7_0/inst/FCLK_CLK1 | Subsys_i/axi_interconnect_0/s00_couplers/auto_pc/inst/gen_axilite.gen_b2s_conv.axilite_b2s/WR.aw_channel_0/aw_cmd_fsm_0/b_push                                 |                                                                                                                                            |                3 |             32 |
|  Subsys_i/processing_system7_0/inst/FCLK_CLK1 | Subsys_i/axi_interconnect_0/s00_couplers/auto_pc/inst/gen_axilite.gen_b2s_conv.axilite_b2s/RD.ar_channel_0/ar_cmd_fsm_0/E[0]                                   |                                                                                                                                            |                5 |             32 |
|  Subsys_i/processing_system7_0/inst/FCLK_CLK1 |                                                                                                                                                                | Subsys_i/PWM_0/inst/counter_V[0]_i_1_n_0                                                                                                   |                4 |             32 |
|  Subsys_i/processing_system7_0/inst/FCLK_CLK1 | Subsys_i/axi_interconnect_0/s00_couplers/auto_pc/inst/gen_axilite.gen_b2s_conv.axilite_b2s/SI_REG/aw.aw_pipe/skid_buffer_reg[0]_0                              |                                                                                                                                            |                6 |             56 |
|  Subsys_i/processing_system7_0/inst/FCLK_CLK1 | Subsys_i/axi_interconnect_0/s00_couplers/auto_pc/inst/gen_axilite.gen_b2s_conv.axilite_b2s/SI_REG/ar.ar_pipe/skid_buffer_reg[0]_0                              |                                                                                                                                            |                9 |             56 |
|  Subsys_i/processing_system7_0/inst/FCLK_CLK1 | Subsys_i/axi_interconnect_0/s00_couplers/auto_pc/inst/gen_axilite.gen_b2s_conv.axilite_b2s/WR.aw_channel_0/aw_cmd_fsm_0/m_payload_i_reg[0][0]                  |                                                                                                                                            |                7 |             56 |
|  Subsys_i/processing_system7_0/inst/FCLK_CLK1 | Subsys_i/axi_interconnect_0/s00_couplers/auto_pc/inst/gen_axilite.gen_b2s_conv.axilite_b2s/RD.ar_channel_0/ar_cmd_fsm_0/m_payload_i_reg[0]_1[0]                |                                                                                                                                            |                8 |             56 |
|  Subsys_i/processing_system7_0/inst/FCLK_CLK1 | Subsys_i/axi_interconnect_0/s00_couplers/auto_pc/inst/gen_axilite.gen_b2s_conv.axilite_b2s/SI_REG/r.r_pipe/p_1_in                                              |                                                                                                                                            |                7 |             58 |
|  Subsys_i/processing_system7_0/inst/FCLK_CLK1 | Subsys_i/axi_interconnect_0/s00_couplers/auto_pc/inst/gen_axilite.gen_b2s_conv.axilite_b2s/SI_REG/r.r_pipe/skid_buffer_reg[0]_0                                |                                                                                                                                            |                8 |             58 |
|  Subsys_i/processing_system7_0/inst/FCLK_CLK1 |                                                                                                                                                                | Subsys_i/axi_interconnect_0/s00_couplers/auto_pc/inst/gen_axilite.gen_b2s_conv.axilite_b2s/areset_d1                                       |               11 |            100 |
|  Subsys_i/processing_system7_0/inst/FCLK_CLK1 |                                                                                                                                                                |                                                                                                                                            |               33 |            220 |
+-----------------------------------------------+----------------------------------------------------------------------------------------------------------------------------------------------------------------+--------------------------------------------------------------------------------------------------------------------------------------------+------------------+----------------+


